2025/09/26 08:29:24 [notice] 1#1: using the "epoll" event method
2025/09/26 08:29:24 [notice] 1#1: nginx/1.29.1
2025/09/26 08:29:24 [notice] 1#1: built by gcc 14.2.0 (Alpine 14.2.0) 
2025/09/26 08:29:24 [notice] 1#1: OS: Linux 5.4.0-216-generic
2025/09/26 08:29:24 [notice] 1#1: getrlimit(RLIMIT_NOFILE): 1048576:1048576
2025/09/26 08:29:24 [notice] 1#1: start worker processes
2025/09/26 08:29:24 [notice] 1#1: start worker process 22
2025/09/26 08:29:24 [notice] 1#1: start worker process 23
2025/09/26 08:29:24 [notice] 1#1: start worker process 24
2025/09/26 08:29:24 [notice] 1#1: start worker process 25
2025/09/26 08:29:24 [notice] 1#1: start worker process 26
2025/09/26 08:29:24 [notice] 1#1: start worker process 27
2025/09/26 08:29:24 [notice] 1#1: start worker process 28
2025/09/26 08:29:24 [notice] 1#1: start worker process 29
2025/09/26 08:29:24 [notice] 1#1: start worker process 30
2025/09/26 08:29:24 [notice] 1#1: start worker process 31
2025/09/26 08:29:24 [notice] 1#1: start worker process 32
2025/09/26 08:29:24 [notice] 1#1: start worker process 33
2025/09/27 11:59:17 [notice] 1#1: signal 3 (SIGQUIT) received, shutting down
2025/09/27 11:59:17 [notice] 32#32: gracefully shutting down
2025/09/27 11:59:17 [notice] 24#24: gracefully shutting down
2025/09/27 11:59:17 [notice] 28#28: gracefully shutting down
2025/09/27 11:59:17 [notice] 22#22: gracefully shutting down
2025/09/27 11:59:17 [notice] 29#29: gracefully shutting down
2025/09/27 11:59:17 [notice] 27#27: gracefully shutting down
2025/09/27 11:59:17 [notice] 28#28: exiting
2025/09/27 11:59:17 [notice] 23#23: gracefully shutting down
2025/09/27 11:59:17 [notice] 31#31: gracefully shutting down
2025/09/27 11:59:17 [notice] 25#25: gracefully shutting down
2025/09/27 11:59:17 [notice] 30#30: gracefully shutting down
2025/09/27 11:59:17 [notice] 33#33: gracefully shutting down
2025/09/27 11:59:17 [notice] 29#29: exiting
2025/09/27 11:59:17 [notice] 26#26: gracefully shutting down
2025/09/27 11:59:17 [notice] 24#24: exiting
2025/09/27 11:59:17 [notice] 33#33: exiting
2025/09/27 11:59:17 [notice] 32#32: exiting
2025/09/27 11:59:17 [notice] 31#31: exiting
2025/09/27 11:59:17 [notice] 28#28: exit
2025/09/27 11:59:17 [notice] 29#29: exit
2025/09/27 11:59:17 [notice] 24#24: exit
2025/09/27 11:59:17 [notice] 33#33: exit
2025/09/27 11:59:17 [notice] 32#32: exit
2025/09/27 11:59:17 [notice] 31#31: exit
2025/09/27 11:59:17 [notice] 22#22: exiting
2025/09/27 11:59:17 [notice] 30#30: exiting
2025/09/27 11:59:17 [notice] 27#27: exiting
2025/09/27 11:59:17 [notice] 23#23: exiting
2025/09/27 11:59:17 [notice] 30#30: exit
2025/09/27 11:59:17 [notice] 22#22: exit
2025/09/27 11:59:17 [notice] 25#25: exiting
2025/09/27 11:59:17 [notice] 23#23: exit
2025/09/27 11:59:17 [notice] 26#26: exiting
2025/09/27 11:59:17 [notice] 27#27: exit
2025/09/27 11:59:17 [notice] 25#25: exit
2025/09/27 11:59:17 [notice] 26#26: exit
2025/09/27 11:59:17 [notice] 1#1: signal 17 (SIGCHLD) received from 33
2025/09/27 11:59:17 [notice] 1#1: worker process 33 exited with code 0
2025/09/27 11:59:17 [notice] 1#1: worker process 30 exited with code 0
2025/09/27 11:59:17 [notice] 1#1: signal 29 (SIGIO) received
2025/09/27 11:59:17 [notice] 1#1: signal 17 (SIGCHLD) received from 30
2025/09/27 11:59:17 [notice] 1#1: signal 17 (SIGCHLD) received from 24
2025/09/27 11:59:17 [notice] 1#1: worker process 24 exited with code 0
2025/09/27 11:59:17 [notice] 1#1: signal 29 (SIGIO) received
2025/09/27 11:59:17 [notice] 1#1: signal 17 (SIGCHLD) received from 31
2025/09/27 11:59:17 [notice] 1#1: worker process 23 exited with code 0
2025/09/27 11:59:17 [notice] 1#1: worker process 31 exited with code 0
2025/09/27 11:59:17 [notice] 1#1: signal 29 (SIGIO) received
2025/09/27 11:59:17 [notice] 1#1: signal 17 (SIGCHLD) received from 26
2025/09/27 11:59:17 [notice] 1#1: worker process 26 exited with code 0
2025/09/27 11:59:17 [notice] 1#1: signal 29 (SIGIO) received
2025/09/27 11:59:17 [notice] 1#1: signal 17 (SIGCHLD) received from 25
2025/09/27 11:59:17 [notice] 1#1: worker process 25 exited with code 0
2025/09/27 11:59:17 [notice] 1#1: worker process 29 exited with code 0
2025/09/27 11:59:17 [notice] 1#1: signal 29 (SIGIO) received
2025/09/27 11:59:17 [notice] 1#1: signal 17 (SIGCHLD) received from 32
2025/09/27 11:59:17 [notice] 1#1: worker process 32 exited with code 0
2025/09/27 11:59:17 [notice] 1#1: signal 29 (SIGIO) received
2025/09/27 11:59:17 [notice] 1#1: signal 17 (SIGCHLD) received from 28
2025/09/27 11:59:17 [notice] 1#1: worker process 28 exited with code 0
2025/09/27 11:59:17 [notice] 1#1: signal 29 (SIGIO) received
2025/09/27 11:59:17 [notice] 1#1: signal 17 (SIGCHLD) received from 27
2025/09/27 11:59:17 [notice] 1#1: worker process 27 exited with code 0
2025/09/27 11:59:17 [notice] 1#1: signal 29 (SIGIO) received
2025/09/27 11:59:17 [notice] 1#1: signal 17 (SIGCHLD) received from 22
2025/09/27 11:59:17 [notice] 1#1: worker process 22 exited with code 0
2025/09/27 11:59:17 [notice] 1#1: exit
2025/09/28 01:52:06 [notice] 1#1: using the "epoll" event method
2025/09/28 01:52:06 [notice] 1#1: nginx/1.29.1
2025/09/28 01:52:06 [notice] 1#1: built by gcc 14.2.0 (Alpine 14.2.0) 
2025/09/28 01:52:06 [notice] 1#1: OS: Linux 5.4.0-216-generic
2025/09/28 01:52:06 [notice] 1#1: getrlimit(RLIMIT_NOFILE): 1048576:1048576
2025/09/28 01:52:06 [notice] 1#1: start worker processes
2025/09/28 01:52:06 [notice] 1#1: start worker process 22
2025/09/28 01:52:06 [notice] 1#1: start worker process 23
2025/09/28 01:52:06 [notice] 1#1: start worker process 24
2025/09/28 01:52:06 [notice] 1#1: start worker process 25
2025/09/28 01:52:06 [notice] 1#1: start worker process 26
2025/09/28 01:52:06 [notice] 1#1: start worker process 27
2025/09/28 01:52:06 [notice] 1#1: start worker process 28
2025/09/28 01:52:06 [notice] 1#1: start worker process 29
2025/09/28 01:52:06 [notice] 1#1: start worker process 30
2025/09/28 01:52:06 [notice] 1#1: start worker process 31
2025/09/28 01:52:06 [notice] 1#1: start worker process 32
2025/09/28 01:52:06 [notice] 1#1: start worker process 33
2025/09/28 15:55:51 [notice] 1#1: signal 3 (SIGQUIT) received, shutting down
2025/09/28 15:55:51 [notice] 22#22: gracefully shutting down
2025/09/28 15:55:51 [notice] 23#23: gracefully shutting down
2025/09/28 15:55:51 [notice] 26#26: gracefully shutting down
2025/09/28 15:55:51 [notice] 22#22: exiting
2025/09/28 15:55:51 [notice] 25#25: gracefully shutting down
2025/09/28 15:55:51 [notice] 23#23: exiting
2025/09/28 15:55:51 [notice] 26#26: exiting
2025/09/28 15:55:51 [notice] 25#25: exiting
2025/09/28 15:55:51 [notice] 23#23: exit
2025/09/28 15:55:51 [notice] 22#22: exit
2025/09/28 15:55:51 [notice] 26#26: exit
2025/09/28 15:55:51 [notice] 25#25: exit
2025/09/28 15:55:51 [notice] 24#24: gracefully shutting down
2025/09/28 15:55:51 [notice] 24#24: exiting
2025/09/28 15:55:51 [notice] 24#24: exit
2025/09/28 15:55:51 [notice] 27#27: gracefully shutting down
2025/09/28 15:55:51 [notice] 28#28: gracefully shutting down
2025/09/28 15:55:51 [notice] 29#29: gracefully shutting down
2025/09/28 15:55:51 [notice] 27#27: exiting
2025/09/28 15:55:51 [notice] 32#32: gracefully shutting down
2025/09/28 15:55:51 [notice] 28#28: exiting
2025/09/28 15:55:51 [notice] 29#29: exiting
2025/09/28 15:55:51 [notice] 32#32: exiting
2025/09/28 15:55:51 [notice] 27#27: exit
2025/09/28 15:55:51 [notice] 29#29: exit
2025/09/28 15:55:51 [notice] 28#28: exit
2025/09/28 15:55:51 [notice] 32#32: exit
2025/09/28 15:55:51 [notice] 30#30: gracefully shutting down
2025/09/28 15:55:51 [notice] 30#30: exiting
2025/09/28 15:55:51 [notice] 30#30: exit
2025/09/28 15:55:51 [notice] 31#31: gracefully shutting down
2025/09/28 15:55:51 [notice] 31#31: exiting
2025/09/28 15:55:51 [notice] 31#31: exit
2025/09/28 15:55:51 [notice] 33#33: gracefully shutting down
2025/09/28 15:55:51 [notice] 33#33: exiting
2025/09/28 15:55:51 [notice] 33#33: exit
2025/09/28 15:55:51 [notice] 1#1: signal 17 (SIGCHLD) received from 27
2025/09/28 15:55:51 [notice] 1#1: worker process 27 exited with code 0
2025/09/28 15:55:51 [notice] 1#1: worker process 28 exited with code 0
2025/09/28 15:55:51 [notice] 1#1: signal 29 (SIGIO) received
2025/09/28 15:55:51 [notice] 1#1: signal 17 (SIGCHLD) received from 28
2025/09/28 15:55:51 [notice] 1#1: signal 17 (SIGCHLD) received from 32
2025/09/28 15:55:51 [notice] 1#1: worker process 25 exited with code 0
2025/09/28 15:55:51 [notice] 1#1: worker process 32 exited with code 0
2025/09/28 15:55:51 [notice] 1#1: signal 29 (SIGIO) received
2025/09/28 15:55:51 [notice] 1#1: signal 17 (SIGCHLD) received from 25
2025/09/28 15:55:51 [notice] 1#1: signal 17 (SIGCHLD) received from 22
2025/09/28 15:55:51 [notice] 1#1: worker process 22 exited with code 0
2025/09/28 15:55:51 [notice] 1#1: signal 29 (SIGIO) received
2025/09/28 15:55:51 [notice] 1#1: signal 17 (SIGCHLD) received from 30
2025/09/28 15:55:51 [notice] 1#1: worker process 30 exited with code 0
2025/09/28 15:55:51 [notice] 1#1: signal 29 (SIGIO) received
2025/09/28 15:55:51 [notice] 1#1: signal 17 (SIGCHLD) received from 26
2025/09/28 15:55:51 [notice] 1#1: worker process 26 exited with code 0
2025/09/28 15:55:51 [notice] 1#1: signal 29 (SIGIO) received
2025/09/28 15:55:51 [notice] 1#1: signal 17 (SIGCHLD) received from 24
2025/09/28 15:55:51 [notice] 1#1: worker process 24 exited with code 0
2025/09/28 15:55:51 [notice] 1#1: signal 29 (SIGIO) received
2025/09/28 15:55:51 [notice] 1#1: signal 17 (SIGCHLD) received from 29
2025/09/28 15:55:51 [notice] 1#1: worker process 29 exited with code 0
2025/09/28 15:55:51 [notice] 1#1: signal 29 (SIGIO) received
2025/09/28 15:55:51 [notice] 1#1: signal 17 (SIGCHLD) received from 31
2025/09/28 15:55:51 [notice] 1#1: worker process 31 exited with code 0
2025/09/28 15:55:51 [notice] 1#1: worker process 33 exited with code 0
2025/09/28 15:55:51 [notice] 1#1: signal 29 (SIGIO) received
2025/09/28 15:55:51 [notice] 1#1: signal 17 (SIGCHLD) received from 33
2025/09/28 15:55:51 [notice] 1#1: signal 17 (SIGCHLD) received from 23
2025/09/28 15:55:51 [notice] 1#1: worker process 23 exited with code 0
2025/09/28 15:55:51 [notice] 1#1: exit
2025/09/29 01:02:36 [notice] 1#1: using the "epoll" event method
2025/09/29 01:02:36 [notice] 1#1: nginx/1.29.1
2025/09/29 01:02:36 [notice] 1#1: built by gcc 14.2.0 (Alpine 14.2.0) 
2025/09/29 01:02:36 [notice] 1#1: OS: Linux 5.4.0-216-generic
2025/09/29 01:02:36 [notice] 1#1: getrlimit(RLIMIT_NOFILE): 1048576:1048576
2025/09/29 01:02:36 [notice] 1#1: start worker processes
2025/09/29 01:02:36 [notice] 1#1: start worker process 22
2025/09/29 01:02:36 [notice] 1#1: start worker process 23
2025/09/29 01:02:36 [notice] 1#1: start worker process 24
2025/09/29 01:02:36 [notice] 1#1: start worker process 25
2025/09/29 01:02:36 [notice] 1#1: start worker process 26
2025/09/29 01:02:36 [notice] 1#1: start worker process 27
2025/09/29 01:02:36 [notice] 1#1: start worker process 28
2025/09/29 01:02:36 [notice] 1#1: start worker process 29
2025/09/29 01:02:36 [notice] 1#1: start worker process 30
2025/09/29 01:02:36 [notice] 1#1: start worker process 31
2025/09/29 01:02:36 [notice] 1#1: start worker process 32
2025/09/29 01:02:36 [notice] 1#1: start worker process 33
2025/09/29 03:17:09 [notice] 1#1: signal 3 (SIGQUIT) received, shutting down
2025/09/29 03:17:09 [notice] 24#24: gracefully shutting down
2025/09/29 03:17:09 [notice] 24#24: exiting
2025/09/29 03:17:09 [notice] 25#25: gracefully shutting down
2025/09/29 03:17:09 [notice] 25#25: exiting
2025/09/29 03:17:09 [notice] 24#24: exit
2025/09/29 03:17:09 [notice] 25#25: exit
2025/09/29 03:17:09 [notice] 27#27: gracefully shutting down
2025/09/29 03:17:09 [notice] 22#22: gracefully shutting down
2025/09/29 03:17:09 [notice] 27#27: exiting
2025/09/29 03:17:09 [notice] 22#22: exiting
2025/09/29 03:17:09 [notice] 27#27: exit
2025/09/29 03:17:09 [notice] 22#22: exit
2025/09/29 03:17:09 [notice] 28#28: gracefully shutting down
2025/09/29 03:17:09 [notice] 28#28: exiting
2025/09/29 03:17:09 [notice] 28#28: exit
2025/09/29 03:17:09 [notice] 23#23: gracefully shutting down
2025/09/29 03:17:09 [notice] 23#23: exiting
2025/09/29 03:17:09 [notice] 23#23: exit
2025/09/29 03:17:09 [notice] 26#26: gracefully shutting down
2025/09/29 03:17:09 [notice] 26#26: exiting
2025/09/29 03:17:09 [notice] 26#26: exit
2025/09/29 03:17:09 [notice] 29#29: gracefully shutting down
2025/09/29 03:17:09 [notice] 30#30: gracefully shutting down
2025/09/29 03:17:09 [notice] 31#31: gracefully shutting down
2025/09/29 03:17:09 [notice] 29#29: exiting
2025/09/29 03:17:09 [notice] 30#30: exiting
2025/09/29 03:17:09 [notice] 31#31: exiting
2025/09/29 03:17:09 [notice] 29#29: exit
2025/09/29 03:17:09 [notice] 30#30: exit
2025/09/29 03:17:09 [notice] 31#31: exit
2025/09/29 03:17:09 [notice] 32#32: gracefully shutting down
2025/09/29 03:17:09 [notice] 33#33: gracefully shutting down
2025/09/29 03:17:09 [notice] 32#32: exiting
2025/09/29 03:17:09 [notice] 33#33: exiting
2025/09/29 03:17:09 [notice] 32#32: exit
2025/09/29 03:17:09 [notice] 33#33: exit
2025/09/29 03:17:09 [notice] 1#1: signal 17 (SIGCHLD) received from 25
2025/09/29 03:17:09 [notice] 1#1: worker process 22 exited with code 0
2025/09/29 03:17:09 [notice] 1#1: worker process 25 exited with code 0
2025/09/29 03:17:09 [notice] 1#1: worker process 26 exited with code 0
2025/09/29 03:17:09 [notice] 1#1: worker process 28 exited with code 0
2025/09/29 03:17:09 [notice] 1#1: signal 29 (SIGIO) received
2025/09/29 03:17:09 [notice] 1#1: signal 17 (SIGCHLD) received from 22
2025/09/29 03:17:09 [notice] 1#1: signal 17 (SIGCHLD) received from 23
2025/09/29 03:17:09 [notice] 1#1: worker process 23 exited with code 0
2025/09/29 03:17:09 [notice] 1#1: signal 29 (SIGIO) received
2025/09/29 03:17:09 [notice] 1#1: signal 17 (SIGCHLD) received from 31
2025/09/29 03:17:09 [notice] 1#1: worker process 31 exited with code 0
2025/09/29 03:17:09 [notice] 1#1: signal 29 (SIGIO) received
2025/09/29 03:17:09 [notice] 1#1: signal 17 (SIGCHLD) received from 24
2025/09/29 03:17:09 [notice] 1#1: worker process 24 exited with code 0
2025/09/29 03:17:09 [notice] 1#1: signal 29 (SIGIO) received
2025/09/29 03:17:09 [notice] 1#1: signal 17 (SIGCHLD) received from 27
2025/09/29 03:17:09 [notice] 1#1: worker process 27 exited with code 0
2025/09/29 03:17:09 [notice] 1#1: signal 29 (SIGIO) received
2025/09/29 03:17:09 [notice] 1#1: signal 17 (SIGCHLD) received from 32
2025/09/29 03:17:09 [notice] 1#1: worker process 32 exited with code 0
2025/09/29 03:17:09 [notice] 1#1: signal 29 (SIGIO) received
2025/09/29 03:17:09 [notice] 1#1: signal 17 (SIGCHLD) received from 30
2025/09/29 03:17:09 [notice] 1#1: worker process 30 exited with code 0
2025/09/29 03:17:09 [notice] 1#1: signal 29 (SIGIO) received
2025/09/29 03:17:09 [notice] 1#1: signal 17 (SIGCHLD) received from 29
2025/09/29 03:17:09 [notice] 1#1: worker process 29 exited with code 0
2025/09/29 03:17:09 [notice] 1#1: signal 17 (SIGCHLD) received from 33
2025/09/29 03:17:09 [notice] 1#1: worker process 33 exited with code 0
2025/09/29 03:17:09 [notice] 1#1: exit
2025/09/29 03:17:44 [notice] 1#1: using the "epoll" event method
2025/09/29 03:17:44 [notice] 1#1: nginx/1.29.1
2025/09/29 03:17:44 [notice] 1#1: built by gcc 14.2.0 (Alpine 14.2.0) 
2025/09/29 03:17:44 [notice] 1#1: OS: Linux 5.4.0-216-generic
2025/09/29 03:17:44 [notice] 1#1: getrlimit(RLIMIT_NOFILE): 1048576:1048576
2025/09/29 03:17:44 [notice] 1#1: start worker processes
2025/09/29 03:17:44 [notice] 1#1: start worker process 22
2025/09/29 03:17:44 [notice] 1#1: start worker process 23
2025/09/29 03:17:44 [notice] 1#1: start worker process 24
2025/09/29 03:17:44 [notice] 1#1: start worker process 25
2025/09/29 03:17:44 [notice] 1#1: start worker process 26
2025/09/29 03:17:44 [notice] 1#1: start worker process 27
2025/09/29 03:17:44 [notice] 1#1: start worker process 28
2025/09/29 03:17:44 [notice] 1#1: start worker process 29
2025/09/29 03:17:44 [notice] 1#1: start worker process 30
2025/09/29 03:17:44 [notice] 1#1: start worker process 31
2025/09/29 03:17:44 [notice] 1#1: start worker process 32
2025/09/29 03:17:44 [notice] 1#1: start worker process 33
2025/09/29 15:15:43 [notice] 1#1: signal 3 (SIGQUIT) received, shutting down
2025/09/29 15:15:43 [notice] 30#30: gracefully shutting down
2025/09/29 15:15:43 [notice] 29#29: gracefully shutting down
2025/09/29 15:15:43 [notice] 32#32: gracefully shutting down
2025/09/29 15:15:43 [notice] 29#29: exiting
2025/09/29 15:15:43 [notice] 31#31: gracefully shutting down
2025/09/29 15:15:43 [notice] 33#33: gracefully shutting down
2025/09/29 15:15:43 [notice] 33#33: exiting
2025/09/29 15:15:43 [notice] 31#31: exiting
2025/09/29 15:15:43 [notice] 24#24: gracefully shutting down
2025/09/29 15:15:43 [notice] 23#23: gracefully shutting down
2025/09/29 15:15:43 [notice] 26#26: gracefully shutting down
2025/09/29 15:15:43 [notice] 27#27: gracefully shutting down
2025/09/29 15:15:43 [notice] 28#28: gracefully shutting down
2025/09/29 15:15:43 [notice] 22#22: gracefully shutting down
2025/09/29 15:15:43 [notice] 25#25: gracefully shutting down
2025/09/29 15:15:43 [notice] 32#32: exiting
2025/09/29 15:15:43 [notice] 27#27: exiting
2025/09/29 15:15:43 [notice] 25#25: exiting
2025/09/29 15:15:43 [notice] 23#23: exiting
2025/09/29 15:15:43 [notice] 30#30: exiting
2025/09/29 15:15:43 [notice] 26#26: exiting
2025/09/29 15:15:43 [notice] 24#24: exiting
2025/09/29 15:15:43 [notice] 22#22: exiting
2025/09/29 15:15:43 [notice] 28#28: exiting
2025/09/29 15:15:43 [notice] 28#28: exit
2025/09/29 15:15:43 [notice] 23#23: exit
2025/09/29 15:15:43 [notice] 30#30: exit
2025/09/29 15:15:43 [notice] 24#24: exit
2025/09/29 15:15:43 [notice] 25#25: exit
2025/09/29 15:15:43 [notice] 29#29: exit
2025/09/29 15:15:43 [notice] 26#26: exit
2025/09/29 15:15:43 [notice] 33#33: exit
2025/09/29 15:15:43 [notice] 32#32: exit
2025/09/29 15:15:43 [notice] 22#22: exit
2025/09/29 15:15:43 [notice] 27#27: exit
2025/09/29 15:15:43 [notice] 31#31: exit
2025/09/29 15:15:44 [notice] 1#1: signal 17 (SIGCHLD) received from 28
2025/09/29 15:15:44 [notice] 1#1: worker process 28 exited with code 0
2025/09/29 15:15:44 [notice] 1#1: worker process 29 exited with code 0
2025/09/29 15:15:44 [notice] 1#1: worker process 33 exited with code 0
2025/09/29 15:15:44 [notice] 1#1: signal 29 (SIGIO) received
2025/09/29 15:15:44 [notice] 1#1: signal 17 (SIGCHLD) received from 33
2025/09/29 15:15:44 [notice] 1#1: signal 17 (SIGCHLD) received from 25
2025/09/29 15:15:44 [notice] 1#1: worker process 25 exited with code 0
2025/09/29 15:15:44 [notice] 1#1: signal 29 (SIGIO) received
2025/09/29 15:15:44 [notice] 1#1: signal 17 (SIGCHLD) received from 26
2025/09/29 15:15:44 [notice] 1#1: worker process 26 exited with code 0
2025/09/29 15:15:44 [notice] 1#1: worker process 27 exited with code 0
2025/09/29 15:15:44 [notice] 1#1: signal 29 (SIGIO) received
2025/09/29 15:15:44 [notice] 1#1: signal 17 (SIGCHLD) received from 31
2025/09/29 15:15:44 [notice] 1#1: worker process 31 exited with code 0
2025/09/29 15:15:44 [notice] 1#1: signal 29 (SIGIO) received
2025/09/29 15:15:44 [notice] 1#1: signal 17 (SIGCHLD) received from 22
2025/09/29 15:15:44 [notice] 1#1: worker process 22 exited with code 0
2025/09/29 15:15:44 [notice] 1#1: signal 29 (SIGIO) received
2025/09/29 15:15:44 [notice] 1#1: signal 17 (SIGCHLD) received from 32
2025/09/29 15:15:44 [notice] 1#1: worker process 32 exited with code 0
2025/09/29 15:15:44 [notice] 1#1: signal 29 (SIGIO) received
2025/09/29 15:15:44 [notice] 1#1: signal 17 (SIGCHLD) received from 30
2025/09/29 15:15:44 [notice] 1#1: worker process 30 exited with code 0
2025/09/29 15:15:44 [notice] 1#1: signal 29 (SIGIO) received
2025/09/29 15:15:44 [notice] 1#1: signal 17 (SIGCHLD) received from 23
2025/09/29 15:15:44 [notice] 1#1: worker process 23 exited with code 0
2025/09/29 15:15:44 [notice] 1#1: signal 29 (SIGIO) received
2025/09/29 15:15:44 [notice] 1#1: signal 17 (SIGCHLD) received from 24
2025/09/29 15:15:44 [notice] 1#1: worker process 24 exited with code 0
2025/09/29 15:15:44 [notice] 1#1: exit
2025/09/29 17:28:40 [notice] 1#1: using the "epoll" event method
2025/09/29 17:28:40 [notice] 1#1: nginx/1.29.1
2025/09/29 17:28:40 [notice] 1#1: built by gcc 14.2.0 (Alpine 14.2.0) 
2025/09/29 17:28:40 [notice] 1#1: OS: Linux 5.4.0-216-generic
2025/09/29 17:28:40 [notice] 1#1: getrlimit(RLIMIT_NOFILE): 1048576:1048576
2025/09/29 17:28:40 [notice] 1#1: start worker processes
2025/09/29 17:28:40 [notice] 1#1: start worker process 22
2025/09/29 17:28:40 [notice] 1#1: start worker process 23
2025/09/29 17:28:40 [notice] 1#1: start worker process 24
2025/09/29 17:28:40 [notice] 1#1: start worker process 25
2025/09/29 17:28:40 [notice] 1#1: start worker process 26
2025/09/29 17:28:40 [notice] 1#1: start worker process 27
2025/09/29 17:28:40 [notice] 1#1: start worker process 28
2025/09/29 17:28:40 [notice] 1#1: start worker process 29
2025/09/29 17:28:40 [notice] 1#1: start worker process 30
2025/09/29 17:28:40 [notice] 1#1: start worker process 31
2025/09/29 17:28:40 [notice] 1#1: start worker process 32
2025/09/29 17:28:40 [notice] 1#1: start worker process 33
2025/09/29 18:07:07 [notice] 1#1: using the "epoll" event method
2025/09/29 18:07:07 [notice] 1#1: nginx/1.29.1
2025/09/29 18:07:07 [notice] 1#1: built by gcc 14.2.0 (Alpine 14.2.0) 
2025/09/29 18:07:07 [notice] 1#1: OS: Linux 5.4.0-216-generic
2025/09/29 18:07:07 [notice] 1#1: getrlimit(RLIMIT_NOFILE): 1048576:1048576
2025/09/29 18:07:07 [notice] 1#1: start worker processes
2025/09/29 18:07:07 [notice] 1#1: start worker process 21
2025/09/29 18:07:07 [notice] 1#1: start worker process 22
2025/09/29 18:07:07 [notice] 1#1: start worker process 23
2025/09/29 18:07:07 [notice] 1#1: start worker process 24
2025/09/29 18:07:07 [notice] 1#1: start worker process 25
2025/09/29 18:07:07 [notice] 1#1: start worker process 26
2025/09/29 18:07:07 [notice] 1#1: start worker process 27
2025/09/29 18:07:07 [notice] 1#1: start worker process 28
2025/09/29 18:07:07 [notice] 1#1: start worker process 29
2025/09/29 18:07:07 [notice] 1#1: start worker process 30
2025/09/29 18:07:07 [notice] 1#1: start worker process 31
2025/09/29 18:07:07 [notice] 1#1: start worker process 32
2025/09/30 00:50:08 [notice] 1#1: signal 3 (SIGQUIT) received, shutting down
2025/09/30 00:50:08 [notice] 27#27: gracefully shutting down
2025/09/30 00:50:08 [notice] 27#27: exiting
2025/09/30 00:50:08 [notice] 27#27: exit
2025/09/30 00:50:08 [notice] 31#31: gracefully shutting down
2025/09/30 00:50:08 [notice] 31#31: exiting
2025/09/30 00:50:08 [notice] 31#31: exit
2025/09/30 00:50:08 [notice] 28#28: gracefully shutting down
2025/09/30 00:50:08 [notice] 28#28: exiting
2025/09/30 00:50:08 [notice] 28#28: exit
2025/09/30 00:50:08 [notice] 23#23: gracefully shutting down
2025/09/30 00:50:08 [notice] 23#23: exiting
2025/09/30 00:50:08 [notice] 23#23: exit
2025/09/30 00:50:08 [notice] 25#25: gracefully shutting down
2025/09/30 00:50:08 [notice] 25#25: exiting
2025/09/30 00:50:08 [notice] 25#25: exit
2025/09/30 00:50:08 [notice] 29#29: gracefully shutting down
2025/09/30 00:50:08 [notice] 29#29: exiting
2025/09/30 00:50:08 [notice] 29#29: exit
2025/09/30 00:50:08 [notice] 21#21: gracefully shutting down
2025/09/30 00:50:08 [notice] 21#21: exiting
2025/09/30 00:50:08 [notice] 21#21: exit
2025/09/30 00:50:08 [notice] 22#22: gracefully shutting down
2025/09/30 00:50:08 [notice] 22#22: exiting
2025/09/30 00:50:08 [notice] 22#22: exit
2025/09/30 00:50:08 [notice] 24#24: gracefully shutting down
2025/09/30 00:50:08 [notice] 26#26: gracefully shutting down
2025/09/30 00:50:08 [notice] 26#26: exiting
2025/09/30 00:50:08 [notice] 26#26: exit
2025/09/30 00:50:08 [notice] 30#30: gracefully shutting down
2025/09/30 00:50:08 [notice] 30#30: exiting
2025/09/30 00:50:08 [notice] 30#30: exit
2025/09/30 00:50:08 [notice] 24#24: exiting
2025/09/30 00:50:08 [notice] 24#24: exit
2025/09/30 00:50:08 [notice] 32#32: gracefully shutting down
2025/09/30 00:50:08 [notice] 32#32: exiting
2025/09/30 00:50:08 [notice] 32#32: exit
2025/09/30 00:50:08 [notice] 1#1: signal 17 (SIGCHLD) received from 27
2025/09/30 00:50:08 [notice] 1#1: worker process 27 exited with code 0
2025/09/30 00:50:08 [notice] 1#1: signal 29 (SIGIO) received
2025/09/30 00:50:08 [notice] 1#1: signal 17 (SIGCHLD) received from 29
2025/09/30 00:50:08 [notice] 1#1: worker process 29 exited with code 0
2025/09/30 00:50:08 [notice] 1#1: signal 29 (SIGIO) received
2025/09/30 00:50:08 [notice] 1#1: signal 17 (SIGCHLD) received from 28
2025/09/30 00:50:08 [notice] 1#1: worker process 28 exited with code 0
2025/09/30 00:50:08 [notice] 1#1: signal 29 (SIGIO) received
2025/09/30 00:50:08 [notice] 1#1: signal 17 (SIGCHLD) received from 31
2025/09/30 00:50:08 [notice] 1#1: worker process 31 exited with code 0
2025/09/30 00:50:08 [notice] 1#1: signal 29 (SIGIO) received
2025/09/30 00:50:08 [notice] 1#1: signal 17 (SIGCHLD) received from 23
2025/09/30 00:50:08 [notice] 1#1: worker process 23 exited with code 0
2025/09/30 00:50:08 [notice] 1#1: signal 29 (SIGIO) received
2025/09/30 00:50:08 [notice] 1#1: signal 17 (SIGCHLD) received from 25
2025/09/30 00:50:08 [notice] 1#1: worker process 25 exited with code 0
2025/09/30 00:50:08 [notice] 1#1: worker process 21 exited with code 0
2025/09/30 00:50:08 [notice] 1#1: signal 29 (SIGIO) received
2025/09/30 00:50:08 [notice] 1#1: signal 17 (SIGCHLD) received from 21
2025/09/30 00:50:08 [notice] 1#1: signal 17 (SIGCHLD) received from 26
2025/09/30 00:50:08 [notice] 1#1: worker process 26 exited with code 0
2025/09/30 00:50:08 [notice] 1#1: signal 29 (SIGIO) received
2025/09/30 00:50:08 [notice] 1#1: signal 17 (SIGCHLD) received from 30
2025/09/30 00:50:08 [notice] 1#1: worker process 30 exited with code 0
2025/09/30 00:50:08 [notice] 1#1: signal 29 (SIGIO) received
2025/09/30 00:50:08 [notice] 1#1: signal 17 (SIGCHLD) received from 22
2025/09/30 00:50:08 [notice] 1#1: worker process 22 exited with code 0
2025/09/30 00:50:08 [notice] 1#1: signal 29 (SIGIO) received
2025/09/30 00:50:08 [notice] 1#1: signal 17 (SIGCHLD) received from 32
2025/09/30 00:50:08 [notice] 1#1: worker process 24 exited with code 0
2025/09/30 00:50:08 [notice] 1#1: worker process 32 exited with code 0
2025/09/30 00:50:08 [notice] 1#1: exit
2025/09/30 00:50:45 [notice] 1#1: using the "epoll" event method
2025/09/30 00:50:45 [notice] 1#1: nginx/1.29.1
2025/09/30 00:50:45 [notice] 1#1: built by gcc 14.2.0 (Alpine 14.2.0) 
2025/09/30 00:50:45 [notice] 1#1: OS: Linux 5.4.0-216-generic
2025/09/30 00:50:45 [notice] 1#1: getrlimit(RLIMIT_NOFILE): 1048576:1048576
2025/09/30 00:50:45 [notice] 1#1: start worker processes
2025/09/30 00:50:45 [notice] 1#1: start worker process 21
2025/09/30 00:50:45 [notice] 1#1: start worker process 22
2025/09/30 00:50:45 [notice] 1#1: start worker process 23
2025/09/30 00:50:45 [notice] 1#1: start worker process 24
2025/09/30 00:50:45 [notice] 1#1: start worker process 25
2025/09/30 00:50:45 [notice] 1#1: start worker process 26
2025/09/30 00:50:45 [notice] 1#1: start worker process 27
2025/09/30 00:50:45 [notice] 1#1: start worker process 28
2025/09/30 00:50:45 [notice] 1#1: start worker process 29
2025/09/30 00:50:45 [notice] 1#1: start worker process 30
2025/09/30 00:50:45 [notice] 1#1: start worker process 31
2025/09/30 00:50:45 [notice] 1#1: start worker process 32
2025/10/01 16:00:04 [notice] 1#1: signal 3 (SIGQUIT) received, shutting down
2025/10/01 16:00:04 [notice] 31#31: gracefully shutting down
2025/10/01 16:00:04 [notice] 30#30: gracefully shutting down
2025/10/01 16:00:04 [notice] 27#27: gracefully shutting down
2025/10/01 16:00:04 [notice] 21#21: gracefully shutting down
2025/10/01 16:00:04 [notice] 23#23: gracefully shutting down
2025/10/01 16:00:04 [notice] 25#25: gracefully shutting down
2025/10/01 16:00:04 [notice] 24#24: gracefully shutting down
2025/10/01 16:00:04 [notice] 29#29: gracefully shutting down
2025/10/01 16:00:04 [notice] 28#28: gracefully shutting down
2025/10/01 16:00:04 [notice] 32#32: gracefully shutting down
2025/10/01 16:00:04 [notice] 26#26: gracefully shutting down
2025/10/01 16:00:04 [notice] 22#22: gracefully shutting down
2025/10/01 16:00:04 [notice] 28#28: exiting
2025/10/01 16:00:04 [notice] 24#24: exiting
2025/10/01 16:00:04 [notice] 22#22: exiting
2025/10/01 16:00:04 [notice] 30#30: exiting
2025/10/01 16:00:04 [notice] 21#21: exiting
2025/10/01 16:00:04 [notice] 27#27: exiting
2025/10/01 16:00:04 [notice] 31#31: exiting
2025/10/01 16:00:04 [notice] 23#23: exiting
2025/10/01 16:00:04 [notice] 26#26: exiting
2025/10/01 16:00:04 [notice] 29#29: exiting
2025/10/01 16:00:04 [notice] 32#32: exiting
2025/10/01 16:00:04 [notice] 24#24: exit
2025/10/01 16:00:04 [notice] 26#26: exit
2025/10/01 16:00:04 [notice] 21#21: exit
2025/10/01 16:00:04 [notice] 23#23: exit
2025/10/01 16:00:04 [notice] 22#22: exit
2025/10/01 16:00:04 [notice] 30#30: exit
2025/10/01 16:00:04 [notice] 31#31: exit
2025/10/01 16:00:04 [notice] 28#28: exit
2025/10/01 16:00:04 [notice] 27#27: exit
2025/10/01 16:00:04 [notice] 32#32: exit
2025/10/01 16:00:04 [notice] 29#29: exit
2025/10/01 16:00:04 [notice] 25#25: exiting
2025/10/01 16:00:04 [notice] 25#25: exit
2025/10/01 16:00:05 [notice] 1#1: signal 17 (SIGCHLD) received from 27
2025/10/01 16:00:05 [notice] 1#1: worker process 25 exited with code 0
2025/10/01 16:00:05 [notice] 1#1: worker process 22 exited with code 0
2025/10/01 16:00:05 [notice] 1#1: worker process 26 exited with code 0
2025/10/01 16:00:05 [notice] 1#1: worker process 27 exited with code 0
2025/10/01 16:00:05 [notice] 1#1: worker process 28 exited with code 0
2025/10/01 16:00:05 [notice] 1#1: worker process 29 exited with code 0
2025/10/01 16:00:05 [notice] 1#1: signal 29 (SIGIO) received
2025/10/01 16:00:05 [notice] 1#1: signal 17 (SIGCHLD) received from 25
2025/10/01 16:00:05 [notice] 1#1: signal 17 (SIGCHLD) received from 31
2025/10/01 16:00:05 [notice] 1#1: worker process 31 exited with code 0
2025/10/01 16:00:05 [notice] 1#1: worker process 30 exited with code 0
2025/10/01 16:00:05 [notice] 1#1: worker process 32 exited with code 0
2025/10/01 16:00:05 [notice] 1#1: signal 29 (SIGIO) received
2025/10/01 16:00:05 [notice] 1#1: signal 17 (SIGCHLD) received from 30
2025/10/01 16:00:05 [notice] 1#1: signal 17 (SIGCHLD) received from 21
2025/10/01 16:00:05 [notice] 1#1: worker process 21 exited with code 0
2025/10/01 16:00:05 [notice] 1#1: signal 29 (SIGIO) received
2025/10/01 16:00:05 [notice] 1#1: signal 17 (SIGCHLD) received from 24
2025/10/01 16:00:05 [notice] 1#1: worker process 24 exited with code 0
2025/10/01 16:00:05 [notice] 1#1: signal 29 (SIGIO) received
2025/10/01 16:00:05 [notice] 1#1: signal 17 (SIGCHLD) received from 23
2025/10/01 16:00:05 [notice] 1#1: worker process 23 exited with code 0
2025/10/01 16:00:05 [notice] 1#1: exit
2025/10/01 16:23:01 [notice] 1#1: using the "epoll" event method
2025/10/01 16:23:01 [notice] 1#1: nginx/1.29.1
2025/10/01 16:23:01 [notice] 1#1: built by gcc 14.2.0 (Alpine 14.2.0) 
2025/10/01 16:23:01 [notice] 1#1: OS: Linux 5.4.0-216-generic
2025/10/01 16:23:01 [notice] 1#1: getrlimit(RLIMIT_NOFILE): 1048576:1048576
2025/10/01 16:23:01 [notice] 1#1: start worker processes
2025/10/01 16:23:01 [notice] 1#1: start worker process 22
2025/10/01 16:23:01 [notice] 1#1: start worker process 23
2025/10/01 16:23:01 [notice] 1#1: start worker process 24
2025/10/01 16:23:01 [notice] 1#1: start worker process 25
2025/10/01 16:23:01 [notice] 1#1: start worker process 26
2025/10/01 16:23:01 [notice] 1#1: start worker process 27
2025/10/01 16:23:01 [notice] 1#1: start worker process 28
2025/10/01 16:23:01 [notice] 1#1: start worker process 29
2025/10/01 16:23:01 [notice] 1#1: start worker process 30
2025/10/01 16:23:01 [notice] 1#1: start worker process 31
2025/10/01 16:23:01 [notice] 1#1: start worker process 32
2025/10/01 16:23:01 [notice] 1#1: start worker process 33
2025/10/02 01:51:07 [notice] 1#1: signal 3 (SIGQUIT) received, shutting down
2025/10/02 01:51:07 [notice] 22#22: gracefully shutting down
2025/10/02 01:51:07 [notice] 24#24: gracefully shutting down
2025/10/02 01:51:07 [notice] 23#23: gracefully shutting down
2025/10/02 01:51:07 [notice] 25#25: gracefully shutting down
2025/10/02 01:51:07 [notice] 26#26: gracefully shutting down
2025/10/02 01:51:07 [notice] 28#28: gracefully shutting down
2025/10/02 01:51:07 [notice] 29#29: gracefully shutting down
2025/10/02 01:51:07 [notice] 32#32: gracefully shutting down
2025/10/02 01:51:07 [notice] 22#22: exiting
2025/10/02 01:51:07 [notice] 30#30: gracefully shutting down
2025/10/02 01:51:07 [notice] 26#26: exiting
2025/10/02 01:51:07 [notice] 24#24: exiting
2025/10/02 01:51:07 [notice] 28#28: exiting
2025/10/02 01:51:07 [notice] 23#23: exiting
2025/10/02 01:51:07 [notice] 29#29: exiting
2025/10/02 01:51:07 [notice] 25#25: exiting
2025/10/02 01:51:07 [notice] 32#32: exiting
2025/10/02 01:51:07 [notice] 30#30: exiting
2025/10/02 01:51:07 [notice] 24#24: exit
2025/10/02 01:51:07 [notice] 29#29: exit
2025/10/02 01:51:07 [notice] 26#26: exit
2025/10/02 01:51:07 [notice] 22#22: exit
2025/10/02 01:51:07 [notice] 28#28: exit
2025/10/02 01:51:07 [notice] 23#23: exit
2025/10/02 01:51:07 [notice] 32#32: exit
2025/10/02 01:51:07 [notice] 30#30: exit
2025/10/02 01:51:07 [notice] 25#25: exit
2025/10/02 01:51:07 [notice] 27#27: gracefully shutting down
2025/10/02 01:51:07 [notice] 27#27: exiting
2025/10/02 01:51:07 [notice] 27#27: exit
2025/10/02 01:51:07 [notice] 31#31: gracefully shutting down
2025/10/02 01:51:07 [notice] 31#31: exiting
2025/10/02 01:51:07 [notice] 31#31: exit
2025/10/02 01:51:07 [notice] 33#33: gracefully shutting down
2025/10/02 01:51:07 [notice] 33#33: exiting
2025/10/02 01:51:07 [notice] 33#33: exit
2025/10/02 01:51:07 [notice] 1#1: signal 17 (SIGCHLD) received from 31
2025/10/02 01:51:07 [notice] 1#1: worker process 31 exited with code 0
2025/10/02 01:51:07 [notice] 1#1: signal 29 (SIGIO) received
2025/10/02 01:51:07 [notice] 1#1: signal 17 (SIGCHLD) received from 22
2025/10/02 01:51:07 [notice] 1#1: worker process 22 exited with code 0
2025/10/02 01:51:07 [notice] 1#1: worker process 25 exited with code 0
2025/10/02 01:51:07 [notice] 1#1: worker process 32 exited with code 0
2025/10/02 01:51:07 [notice] 1#1: signal 29 (SIGIO) received
2025/10/02 01:51:07 [notice] 1#1: signal 17 (SIGCHLD) received from 25
2025/10/02 01:51:07 [notice] 1#1: signal 17 (SIGCHLD) received from 23
2025/10/02 01:51:07 [notice] 1#1: worker process 23 exited with code 0
2025/10/02 01:51:07 [notice] 1#1: worker process 26 exited with code 0
2025/10/02 01:51:07 [notice] 1#1: signal 29 (SIGIO) received
2025/10/02 01:51:07 [notice] 1#1: signal 17 (SIGCHLD) received from 29
2025/10/02 01:51:07 [notice] 1#1: worker process 29 exited with code 0
2025/10/02 01:51:07 [notice] 1#1: signal 29 (SIGIO) received
2025/10/02 01:51:07 [notice] 1#1: signal 17 (SIGCHLD) received from 33
2025/10/02 01:51:07 [notice] 1#1: worker process 33 exited with code 0
2025/10/02 01:51:07 [notice] 1#1: signal 29 (SIGIO) received
2025/10/02 01:51:07 [notice] 1#1: signal 17 (SIGCHLD) received from 27
2025/10/02 01:51:07 [notice] 1#1: worker process 27 exited with code 0
2025/10/02 01:51:07 [notice] 1#1: signal 29 (SIGIO) received
2025/10/02 01:51:07 [notice] 1#1: signal 17 (SIGCHLD) received from 28
2025/10/02 01:51:07 [notice] 1#1: worker process 28 exited with code 0
2025/10/02 01:51:07 [notice] 1#1: signal 29 (SIGIO) received
2025/10/02 01:51:07 [notice] 1#1: signal 17 (SIGCHLD) received from 24
2025/10/02 01:51:07 [notice] 1#1: worker process 24 exited with code 0
2025/10/02 01:51:07 [notice] 1#1: worker process 30 exited with code 0
2025/10/02 01:51:07 [notice] 1#1: exit
2025/10/02 01:52:25 [notice] 1#1: using the "epoll" event method
2025/10/02 01:52:25 [notice] 1#1: nginx/1.29.1
2025/10/02 01:52:25 [notice] 1#1: built by gcc 14.2.0 (Alpine 14.2.0) 
2025/10/02 01:52:25 [notice] 1#1: OS: Linux 5.4.0-216-generic
2025/10/02 01:52:25 [notice] 1#1: getrlimit(RLIMIT_NOFILE): 1048576:1048576
2025/10/02 01:52:25 [notice] 1#1: start worker processes
2025/10/02 01:52:25 [notice] 1#1: start worker process 22
2025/10/02 01:52:25 [notice] 1#1: start worker process 23
2025/10/02 01:52:25 [notice] 1#1: start worker process 24
2025/10/02 01:52:25 [notice] 1#1: start worker process 25
2025/10/02 01:52:25 [notice] 1#1: start worker process 26
2025/10/02 01:52:25 [notice] 1#1: start worker process 27
2025/10/02 01:52:25 [notice] 1#1: start worker process 28
2025/10/02 01:52:25 [notice] 1#1: start worker process 29
2025/10/02 01:52:25 [notice] 1#1: start worker process 30
2025/10/02 01:52:25 [notice] 1#1: start worker process 31
2025/10/02 01:52:25 [notice] 1#1: start worker process 32
2025/10/02 01:52:25 [notice] 1#1: start worker process 33
2025/10/02 23:25:21 [notice] 1#1: signal 3 (SIGQUIT) received, shutting down
2025/10/02 23:25:21 [notice] 24#24: gracefully shutting down
2025/10/02 23:25:21 [notice] 24#24: exiting
2025/10/02 23:25:21 [notice] 22#22: gracefully shutting down
2025/10/02 23:25:21 [notice] 25#25: gracefully shutting down
2025/10/02 23:25:21 [notice] 22#22: exiting
2025/10/02 23:25:21 [notice] 25#25: exiting
2025/10/02 23:25:21 [notice] 27#27: gracefully shutting down
2025/10/02 23:25:21 [notice] 27#27: exiting
2025/10/02 23:25:21 [notice] 28#28: gracefully shutting down
2025/10/02 23:25:21 [notice] 29#29: gracefully shutting down
2025/10/02 23:25:21 [notice] 30#30: gracefully shutting down
2025/10/02 23:25:21 [notice] 32#32: gracefully shutting down
2025/10/02 23:25:21 [notice] 28#28: exiting
2025/10/02 23:25:21 [notice] 29#29: exiting
2025/10/02 23:25:21 [notice] 30#30: exiting
2025/10/02 23:25:21 [notice] 32#32: exiting
2025/10/02 23:25:21 [notice] 31#31: gracefully shutting down
2025/10/02 23:25:21 [notice] 31#31: exiting
2025/10/02 23:25:21 [notice] 23#23: gracefully shutting down
2025/10/02 23:25:21 [notice] 23#23: exiting
2025/10/02 23:25:21 [notice] 26#26: gracefully shutting down
2025/10/02 23:25:21 [notice] 26#26: exiting
2025/10/02 23:25:21 [notice] 33#33: gracefully shutting down
2025/10/02 23:25:21 [notice] 33#33: exiting
2025/10/02 23:25:21 [notice] 24#24: exit
2025/10/02 23:25:21 [notice] 22#22: exit
2025/10/02 23:25:21 [notice] 27#27: exit
2025/10/02 23:25:21 [notice] 25#25: exit
2025/10/02 23:25:21 [notice] 32#32: exit
2025/10/02 23:25:21 [notice] 26#26: exit
2025/10/02 23:25:21 [notice] 23#23: exit
2025/10/02 23:25:21 [notice] 29#29: exit
2025/10/02 23:25:21 [notice] 30#30: exit
2025/10/02 23:25:21 [notice] 33#33: exit
2025/10/02 23:25:21 [notice] 28#28: exit
2025/10/02 23:25:21 [notice] 31#31: exit
2025/10/02 23:25:21 [notice] 1#1: signal 17 (SIGCHLD) received from 24
2025/10/02 23:25:21 [notice] 1#1: worker process 22 exited with code 0
2025/10/02 23:25:21 [notice] 1#1: worker process 24 exited with code 0
2025/10/02 23:25:21 [notice] 1#1: worker process 25 exited with code 0
2025/10/02 23:25:21 [notice] 1#1: worker process 27 exited with code 0
2025/10/02 23:25:21 [notice] 1#1: worker process 28 exited with code 0
2025/10/02 23:25:21 [notice] 1#1: worker process 29 exited with code 0
2025/10/02 23:25:21 [notice] 1#1: worker process 32 exited with code 0
2025/10/02 23:25:21 [notice] 1#1: signal 29 (SIGIO) received
2025/10/02 23:25:21 [notice] 1#1: signal 17 (SIGCHLD) received from 28
2025/10/02 23:25:21 [notice] 1#1: worker process 33 exited with code 0
2025/10/02 23:25:21 [notice] 1#1: signal 29 (SIGIO) received
2025/10/02 23:25:21 [notice] 1#1: signal 17 (SIGCHLD) received from 33
2025/10/02 23:25:21 [notice] 1#1: signal 17 (SIGCHLD) received from 26
2025/10/02 23:25:21 [notice] 1#1: worker process 26 exited with code 0
2025/10/02 23:25:21 [notice] 1#1: signal 29 (SIGIO) received
2025/10/02 23:25:21 [notice] 1#1: signal 17 (SIGCHLD) received from 31
2025/10/02 23:25:21 [notice] 1#1: worker process 31 exited with code 0
2025/10/02 23:25:21 [notice] 1#1: signal 29 (SIGIO) received
2025/10/02 23:25:21 [notice] 1#1: signal 17 (SIGCHLD) received from 30
2025/10/02 23:25:21 [notice] 1#1: worker process 30 exited with code 0
2025/10/02 23:25:21 [notice] 1#1: signal 29 (SIGIO) received
2025/10/02 23:25:21 [notice] 1#1: signal 17 (SIGCHLD) received from 23
2025/10/02 23:25:21 [notice] 1#1: worker process 23 exited with code 0
2025/10/02 23:25:21 [notice] 1#1: exit
2025/10/02 23:26:07 [notice] 1#1: using the "epoll" event method
2025/10/02 23:26:07 [notice] 1#1: nginx/1.29.1
2025/10/02 23:26:07 [notice] 1#1: built by gcc 14.2.0 (Alpine 14.2.0) 
2025/10/02 23:26:07 [notice] 1#1: OS: Linux 5.4.0-216-generic
2025/10/02 23:26:07 [notice] 1#1: getrlimit(RLIMIT_NOFILE): 1048576:1048576
2025/10/02 23:26:07 [notice] 1#1: start worker processes
2025/10/02 23:26:07 [notice] 1#1: start worker process 22
2025/10/02 23:26:07 [notice] 1#1: start worker process 23
2025/10/02 23:26:07 [notice] 1#1: start worker process 24
2025/10/02 23:26:07 [notice] 1#1: start worker process 25
2025/10/02 23:26:07 [notice] 1#1: start worker process 26
2025/10/02 23:26:07 [notice] 1#1: start worker process 27
2025/10/02 23:26:07 [notice] 1#1: start worker process 28
2025/10/02 23:26:07 [notice] 1#1: start worker process 29
2025/10/02 23:26:07 [notice] 1#1: start worker process 30
2025/10/02 23:26:07 [notice] 1#1: start worker process 31
2025/10/02 23:26:07 [notice] 1#1: start worker process 32
2025/10/02 23:26:07 [notice] 1#1: start worker process 33
2025/10/02 23:39:40 [notice] 1#1: signal 3 (SIGQUIT) received, shutting down
2025/10/02 23:39:40 [notice] 23#23: gracefully shutting down
2025/10/02 23:39:40 [notice] 22#22: gracefully shutting down
2025/10/02 23:39:40 [notice] 23#23: exiting
2025/10/02 23:39:40 [notice] 28#28: gracefully shutting down
2025/10/02 23:39:40 [notice] 22#22: exiting
2025/10/02 23:39:40 [notice] 31#31: gracefully shutting down
2025/10/02 23:39:40 [notice] 26#26: gracefully shutting down
2025/10/02 23:39:40 [notice] 28#28: exiting
2025/10/02 23:39:40 [notice] 31#31: exiting
2025/10/02 23:39:40 [notice] 26#26: exiting
2025/10/02 23:39:40 [notice] 22#22: exit
2025/10/02 23:39:40 [notice] 23#23: exit
2025/10/02 23:39:40 [notice] 28#28: exit
2025/10/02 23:39:40 [notice] 31#31: exit
2025/10/02 23:39:40 [notice] 26#26: exit
2025/10/02 23:39:40 [notice] 33#33: gracefully shutting down
2025/10/02 23:39:40 [notice] 33#33: exiting
2025/10/02 23:39:40 [notice] 27#27: gracefully shutting down
2025/10/02 23:39:40 [notice] 33#33: exit
2025/10/02 23:39:40 [notice] 27#27: exiting
2025/10/02 23:39:40 [notice] 27#27: exit
2025/10/02 23:39:40 [notice] 24#24: gracefully shutting down
2025/10/02 23:39:40 [notice] 24#24: exiting
2025/10/02 23:39:40 [notice] 24#24: exit
2025/10/02 23:39:40 [notice] 29#29: gracefully shutting down
2025/10/02 23:39:40 [notice] 29#29: exiting
2025/10/02 23:39:40 [notice] 29#29: exit
2025/10/02 23:39:40 [notice] 25#25: gracefully shutting down
2025/10/02 23:39:40 [notice] 25#25: exiting
2025/10/02 23:39:40 [notice] 25#25: exit
2025/10/02 23:39:40 [notice] 30#30: gracefully shutting down
2025/10/02 23:39:40 [notice] 30#30: exiting
2025/10/02 23:39:40 [notice] 30#30: exit
2025/10/02 23:39:40 [notice] 32#32: gracefully shutting down
2025/10/02 23:39:40 [notice] 32#32: exiting
2025/10/02 23:39:40 [notice] 32#32: exit
2025/10/02 23:39:40 [notice] 1#1: signal 17 (SIGCHLD) received from 24
2025/10/02 23:39:40 [notice] 1#1: worker process 24 exited with code 0
2025/10/02 23:39:40 [notice] 1#1: signal 29 (SIGIO) received
2025/10/02 23:39:40 [notice] 1#1: signal 17 (SIGCHLD) received from 29
2025/10/02 23:39:40 [notice] 1#1: worker process 27 exited with code 0
2025/10/02 23:39:40 [notice] 1#1: worker process 22 exited with code 0
2025/10/02 23:39:40 [notice] 1#1: worker process 28 exited with code 0
2025/10/02 23:39:40 [notice] 1#1: worker process 29 exited with code 0
2025/10/02 23:39:40 [notice] 1#1: signal 29 (SIGIO) received
2025/10/02 23:39:40 [notice] 1#1: signal 17 (SIGCHLD) received from 27
2025/10/02 23:39:40 [notice] 1#1: signal 17 (SIGCHLD) received from 33
2025/10/02 23:39:40 [notice] 1#1: worker process 33 exited with code 0
2025/10/02 23:39:40 [notice] 1#1: worker process 23 exited with code 0
2025/10/02 23:39:40 [notice] 1#1: worker process 31 exited with code 0
2025/10/02 23:39:40 [notice] 1#1: signal 29 (SIGIO) received
2025/10/02 23:39:40 [notice] 1#1: signal 17 (SIGCHLD) received from 31
2025/10/02 23:39:40 [notice] 1#1: signal 17 (SIGCHLD) received from 25
2025/10/02 23:39:40 [notice] 1#1: worker process 25 exited with code 0
2025/10/02 23:39:40 [notice] 1#1: signal 17 (SIGCHLD) received from 30
2025/10/02 23:39:40 [notice] 1#1: worker process 30 exited with code 0
2025/10/02 23:39:40 [notice] 1#1: signal 29 (SIGIO) received
2025/10/02 23:39:40 [notice] 1#1: signal 29 (SIGIO) received
2025/10/02 23:39:40 [notice] 1#1: signal 17 (SIGCHLD) received from 32
2025/10/02 23:39:40 [notice] 1#1: worker process 32 exited with code 0
2025/10/02 23:39:40 [notice] 1#1: signal 29 (SIGIO) received
2025/10/02 23:39:40 [notice] 1#1: signal 17 (SIGCHLD) received from 26
2025/10/02 23:39:40 [notice] 1#1: worker process 26 exited with code 0
2025/10/02 23:39:40 [notice] 1#1: exit
